<?xml version="1.0" encoding="UTF-8" ?>
<testsuite tests="17" failures="2" name="TestSuite" time="30.613" errors="0" skipped="0">
  <properties>
[...]
</properties>
  <testcase classname="com.crm.qa.testcases.CalenderPageTest" name="validateCalenderTest" time="0.123"/>
  <testcase classname="com.crm.qa.testcases.CasesPageTest" name="validateCasesPageTitleTest" time="2.211"/>
  <testcase classname="com.crm.qa.testcases.CompaniesPageTest" name="validateCompaniesPageTitleTest" time="3.166"/>
  <testcase classname="com.crm.qa.testcases.ContactPageTest" name="validateContactPageTitleTest" time="0.416">
    <failure message="expected [Cont3acts] but found [Contacts]" type="java.lang.AssertionError">java.lang.AssertionError: expected [Cont3acts] but found [Contacts]
	at org.testng.Assert.fail(Assert.java:99)
	at org.testng.Assert.failNotEquals(Assert.java:1037)
	at org.testng.Assert.assertEqualsImpl(Assert.java:140)
	at org.testng.Assert.assertEquals(Assert.java:122)
	at org.testng.Assert.assertEquals(Assert.java:629)
	at org.testng.Assert.assertEquals(Assert.java:639)
	at com.crm.qa.testcases.ContactPageTest.validateContactPageTitleTest(ContactPageTest.java:43)
</failure>
    <system-out>09-15-2021 22:03:54 TestBase.java INFO  [main] base.TestBase 55 - Chrome Driver Initiated
09-15-2021 22:03:59 TestBase.java INFO  [main] base.TestBase 30 - Properties object created
09-15-2021 22:03:59 TestBase.java INFO  [main] base.TestBase 35 - Propertied file loaded into property objec
09-15-2021 22:04:03 TestBase.java INFO  [main] base.TestBase 30 - Properties object created
09-15-2021 22:04:03 TestBase.java INFO  [main] base.TestBase 35 - Propertied file loaded into property objec
09-15-2021 22:04:05 TestBase.java INFO  [main] base.TestBase 30 - Properties object created
09-15-2021 22:04:05 TestBase.java INFO  [main] base.TestBase 35 - Propertied file loaded into property objec
09-15-2021 22:04:05 TestBase.java INFO  [main] base.TestBase 30 - Properties object created
09-15-2021 22:04:05 TestBase.java INFO  [main] base.TestBase 35 - Propertied file loaded into property objec
ContactPage Titel method
Test Case Fail
</system-out>
    <system-err>Starting ChromeDriver 93.0.4577.15 (660fc11082ba57405eca2e8c49c3e1af756fbfae-refs/branch-heads/4577@{#203}) on port 36505
Only local connections are allowed.
Please see https://chromedriver.chromium.org/security-considerations for suggestions on keeping ChromeDriver safe.
ChromeDriver was started successfully.
Sep 15, 2021 10:03:54 PM org.openqa.selenium.remote.ProtocolHandshake createSession
INFO: Detected dialect: W3C
</system-err>
  </testcase>
  <testcase classname="com.crm.qa.testcases.ContactPageTest" name="tearDown" time="0.432">
    <failure type="java.lang.NullPointerException">java.lang.NullPointerException
	at com.crm.qa.testcases.ContactPageTest.tearDown(ContactPageTest.java:87)
</failure>
  </testcase>
  <testcase classname="com.crm.qa.testcases.DealsPageTest" name="validateDealsPageTitleTest" time="2.556"/>
  <testcase classname="com.crm.qa.testcases.HomePageTest" name="validateLoggedInUserNameTest" time="1.486"/>
  <testcase classname="com.crm.qa.testcases.HomePageTest" name="validateContactPageLinkTest" time="2.402"/>
  <testcase classname="com.crm.qa.testcases.HomePageTest" name="validateDealsPageLinkTest" time="2.795"/>
  <testcase classname="com.crm.qa.testcases.HomePageTest" name="validateCompaniesPageLinkTest" time="3.242"/>
  <testcase classname="com.crm.qa.testcases.HomePageTest" name="validateTaskPageLinkTest" time="2.383"/>
  <testcase classname="com.crm.qa.testcases.HomePageTest" name="validateCasesPageLinkTest" time="1.699"/>
  <testcase classname="com.crm.qa.testcases.LoginPageTest" name="validateLoginBtnDisplayedTest" time="0.037"/>
  <testcase classname="com.crm.qa.testcases.LoginPageTest" name="validateLoginBtnTest" time="0.077"/>
  <testcase classname="com.crm.qa.testcases.LoginPageTest" name="loginPageTitleTest" time="0.015"/>
  <testcase classname="com.crm.qa.testcases.LoginPageTest" name="loginTest" time="4.132"/>
  <testcase classname="com.crm.qa.testcases.TaskPageTest" name="validateDealsPageTitleTest" time="3.441"/>
</testsuite>