<?xml version="1.0" encoding="UTF-8" ?>
<testsuite tests="16" failures="0" name="TestSuite" time="26.499" errors="0" skipped="0">
  <properties>
[...]
</properties>
  <testcase classname="com.crm.qa.testcases.CalenderPageTest" name="validateCalenderTest" time="0.181"/>
  <testcase classname="com.crm.qa.testcases.CasesPageTest" name="validateCasesPageTitleTest" time="2.332"/>
  <testcase classname="com.crm.qa.testcases.CompaniesPageTest" name="validateCompaniesPageTitleTest" time="2.41"/>
  <testcase classname="com.crm.qa.testcases.ContactPageTest" name="validateContactPageTitleTest" time="0.401"/>
  <testcase classname="com.crm.qa.testcases.DealsPageTest" name="validateDealsPageTitleTest" time="2.316"/>
  <testcase classname="com.crm.qa.testcases.HomePageTest" name="validateLoggedInUserNameTest" time="1.252"/>
  <testcase classname="com.crm.qa.testcases.HomePageTest" name="validateContactPageLinkTest" time="2.037"/>
  <testcase classname="com.crm.qa.testcases.HomePageTest" name="validateDealsPageLinkTest" time="1.858"/>
  <testcase classname="com.crm.qa.testcases.HomePageTest" name="validateCompaniesPageLinkTest" time="3.044"/>
  <testcase classname="com.crm.qa.testcases.HomePageTest" name="validateTaskPageLinkTest" time="2.336"/>
  <testcase classname="com.crm.qa.testcases.HomePageTest" name="validateCasesPageLinkTest" time="1.811"/>
  <testcase classname="com.crm.qa.testcases.LoginPageTest" name="validateLoginBtnDisplayedTest" time="0.039"/>
  <testcase classname="com.crm.qa.testcases.LoginPageTest" name="validateLoginBtnTest" time="0.058"/>
  <testcase classname="com.crm.qa.testcases.LoginPageTest" name="loginPageTitleTest" time="0.01"/>
  <testcase classname="com.crm.qa.testcases.LoginPageTest" name="loginTest" time="3.385"/>
  <testcase classname="com.crm.qa.testcases.TaskPageTest" name="validateDealsPageTitleTest" time="3.029"/>
</testsuite>