<?xml version="1.0" encoding="UTF-8"?>
<testng-results ignored="1" total="17" passed="16" failed="0" skipped="0">
  <reporter-output>
  </reporter-output>
  <suite started-at="2021-09-15T23:04:45 IST" name="Command line suite" finished-at="2021-09-15T23:07:50 IST" duration-ms="184924">
    <groups>
    </groups>
    <test started-at="2021-09-15T23:04:45 IST" name="Command line test" finished-at="2021-09-15T23:07:50 IST" duration-ms="184924">
      <class name="com.crm.qa.testcases.ContactPageTest">
        <test-method is-config="true" signature="setUp()[pri:0, instance:com.crm.qa.testcases.ContactPageTest@747edf66]" started-at="2021-09-15T23:05:25 IST" name="setUp" finished-at="2021-09-15T23:05:37 IST" duration-ms="11760" status="PASS">
          <reporter-output>
          </reporter-output>
        </test-method> <!-- setUp -->
        <test-method signature="validateContactPageTitleTest()[pri:0, instance:com.crm.qa.testcases.ContactPageTest@747edf66]" started-at="2021-09-15T23:05:37 IST" name="validateContactPageTitleTest" finished-at="2021-09-15T23:05:37 IST" duration-ms="403" status="PASS">
          <reporter-output>
          </reporter-output>
        </test-method> <!-- validateContactPageTitleTest -->
        <test-method is-config="true" signature="tearDown(org.testng.ITestResult)[pri:0, instance:com.crm.qa.testcases.ContactPageTest@747edf66]" started-at="2021-09-15T23:05:37 IST" name="tearDown" finished-at="2021-09-15T23:05:38 IST" duration-ms="735" status="PASS">
          <params>
            <param index="0">
              <value>
                <![CDATA[[TestResult name=validateContactPageTitleTest status=SUCCESS method=ContactPageTest.validateContactPageTitleTest()[pri:0, instance:com.crm.qa.testcases.ContactPageTest@747edf66] output={null}]]]>
              </value>
            </param>
          </params>
          <reporter-output>
          </reporter-output>
        </test-method> <!-- tearDown -->
      </class> <!-- com.crm.qa.testcases.ContactPageTest -->
      <class name="com.crm.qa.testcases.HomePageTest">
        <test-method is-config="true" signature="setUp()[pri:0, instance:com.crm.qa.testcases.HomePageTest@3738449f]" started-at="2021-09-15T23:05:51 IST" name="setUp" finished-at="2021-09-15T23:06:01 IST" duration-ms="9705" status="PASS">
          <reporter-output>
          </reporter-output>
        </test-method> <!-- setUp -->
        <test-method signature="validateLoggedInUserNameTest()[pri:1, instance:com.crm.qa.testcases.HomePageTest@3738449f]" started-at="2021-09-15T23:06:01 IST" name="validateLoggedInUserNameTest" finished-at="2021-09-15T23:06:02 IST" duration-ms="1251" status="PASS">
          <reporter-output>
          </reporter-output>
        </test-method> <!-- validateLoggedInUserNameTest -->
        <test-method is-config="true" signature="tearDown()[pri:0, instance:com.crm.qa.testcases.HomePageTest@3738449f]" started-at="2021-09-15T23:06:02 IST" name="tearDown" finished-at="2021-09-15T23:06:03 IST" duration-ms="806" status="PASS">
          <reporter-output>
          </reporter-output>
        </test-method> <!-- tearDown -->
        <test-method is-config="true" signature="setUp()[pri:0, instance:com.crm.qa.testcases.HomePageTest@3738449f]" started-at="2021-09-15T23:06:03 IST" name="setUp" finished-at="2021-09-15T23:06:12 IST" duration-ms="9109" status="PASS">
          <reporter-output>
          </reporter-output>
        </test-method> <!-- setUp -->
        <test-method signature="validateContactPageLinkTest()[pri:2, instance:com.crm.qa.testcases.HomePageTest@3738449f]" started-at="2021-09-15T23:06:12 IST" name="validateContactPageLinkTest" finished-at="2021-09-15T23:06:14 IST" duration-ms="2039" status="PASS">
          <reporter-output>
          </reporter-output>
        </test-method> <!-- validateContactPageLinkTest -->
        <test-method is-config="true" signature="tearDown()[pri:0, instance:com.crm.qa.testcases.HomePageTest@3738449f]" started-at="2021-09-15T23:06:14 IST" name="tearDown" finished-at="2021-09-15T23:06:15 IST" duration-ms="758" status="PASS">
          <reporter-output>
          </reporter-output>
        </test-method> <!-- tearDown -->
        <test-method is-config="true" signature="setUp()[pri:0, instance:com.crm.qa.testcases.HomePageTest@3738449f]" started-at="2021-09-15T23:06:15 IST" name="setUp" finished-at="2021-09-15T23:06:26 IST" duration-ms="10747" status="PASS">
          <reporter-output>
          </reporter-output>
        </test-method> <!-- setUp -->
        <test-method signature="validateDealsPageLinkTest()[pri:3, instance:com.crm.qa.testcases.HomePageTest@3738449f]" started-at="2021-09-15T23:06:26 IST" name="validateDealsPageLinkTest" finished-at="2021-09-15T23:06:28 IST" duration-ms="1857" status="PASS">
          <reporter-output>
          </reporter-output>
        </test-method> <!-- validateDealsPageLinkTest -->
        <test-method is-config="true" signature="tearDown()[pri:0, instance:com.crm.qa.testcases.HomePageTest@3738449f]" started-at="2021-09-15T23:06:28 IST" name="tearDown" finished-at="2021-09-15T23:06:28 IST" duration-ms="790" status="PASS">
          <reporter-output>
          </reporter-output>
        </test-method> <!-- tearDown -->
        <test-method is-config="true" signature="setUp()[pri:0, instance:com.crm.qa.testcases.HomePageTest@3738449f]" started-at="2021-09-15T23:06:28 IST" name="setUp" finished-at="2021-09-15T23:06:38 IST" duration-ms="9918" status="PASS">
          <reporter-output>
          </reporter-output>
        </test-method> <!-- setUp -->
        <test-method signature="validateCompaniesPageLinkTest()[pri:4, instance:com.crm.qa.testcases.HomePageTest@3738449f]" started-at="2021-09-15T23:06:38 IST" name="validateCompaniesPageLinkTest" finished-at="2021-09-15T23:06:41 IST" duration-ms="3041" status="PASS">
          <reporter-output>
          </reporter-output>
        </test-method> <!-- validateCompaniesPageLinkTest -->
        <test-method is-config="true" signature="tearDown()[pri:0, instance:com.crm.qa.testcases.HomePageTest@3738449f]" started-at="2021-09-15T23:06:41 IST" name="tearDown" finished-at="2021-09-15T23:06:42 IST" duration-ms="717" status="PASS">
          <reporter-output>
          </reporter-output>
        </test-method> <!-- tearDown -->
        <test-method is-config="true" signature="setUp()[pri:0, instance:com.crm.qa.testcases.HomePageTest@3738449f]" started-at="2021-09-15T23:06:42 IST" name="setUp" finished-at="2021-09-15T23:06:51 IST" duration-ms="8907" status="PASS">
          <reporter-output>
          </reporter-output>
        </test-method> <!-- setUp -->
        <test-method signature="validateTaskPageLinkTest()[pri:5, instance:com.crm.qa.testcases.HomePageTest@3738449f]" started-at="2021-09-15T23:06:51 IST" name="validateTaskPageLinkTest" finished-at="2021-09-15T23:06:53 IST" duration-ms="2336" status="PASS">
          <reporter-output>
          </reporter-output>
        </test-method> <!-- validateTaskPageLinkTest -->
        <test-method is-config="true" signature="tearDown()[pri:0, instance:com.crm.qa.testcases.HomePageTest@3738449f]" started-at="2021-09-15T23:06:53 IST" name="tearDown" finished-at="2021-09-15T23:06:54 IST" duration-ms="770" status="PASS">
          <reporter-output>
          </reporter-output>
        </test-method> <!-- tearDown -->
        <test-method is-config="true" signature="setUp()[pri:0, instance:com.crm.qa.testcases.HomePageTest@3738449f]" started-at="2021-09-15T23:06:54 IST" name="setUp" finished-at="2021-09-15T23:07:04 IST" duration-ms="9686" status="PASS">
          <reporter-output>
          </reporter-output>
        </test-method> <!-- setUp -->
        <test-method signature="validateCasesPageLinkTest()[pri:6, instance:com.crm.qa.testcases.HomePageTest@3738449f]" started-at="2021-09-15T23:07:04 IST" name="validateCasesPageLinkTest" finished-at="2021-09-15T23:07:06 IST" duration-ms="1811" status="PASS">
          <reporter-output>
          </reporter-output>
        </test-method> <!-- validateCasesPageLinkTest -->
        <test-method is-config="true" signature="tearDown()[pri:0, instance:com.crm.qa.testcases.HomePageTest@3738449f]" started-at="2021-09-15T23:07:06 IST" name="tearDown" finished-at="2021-09-15T23:07:06 IST" duration-ms="772" status="PASS">
          <reporter-output>
          </reporter-output>
        </test-method> <!-- tearDown -->
      </class> <!-- com.crm.qa.testcases.HomePageTest -->
      <class name="com.crm.qa.testcases.DealsPageTest">
        <test-method is-config="true" signature="setUp()[pri:0, instance:com.crm.qa.testcases.DealsPageTest@2cd2a21f]" started-at="2021-09-15T23:05:38 IST" name="setUp" finished-at="2021-09-15T23:05:48 IST" duration-ms="10319" status="PASS">
          <reporter-output>
          </reporter-output>
        </test-method> <!-- setUp -->
        <test-method signature="validateDealsPageTitleTest()[pri:0, instance:com.crm.qa.testcases.DealsPageTest@2cd2a21f]" started-at="2021-09-15T23:05:48 IST" name="validateDealsPageTitleTest" finished-at="2021-09-15T23:05:51 IST" duration-ms="2315" status="PASS">
          <reporter-output>
          </reporter-output>
        </test-method> <!-- validateDealsPageTitleTest -->
        <test-method is-config="true" signature="tearDown()[pri:0, instance:com.crm.qa.testcases.DealsPageTest@2cd2a21f]" started-at="2021-09-15T23:05:51 IST" name="tearDown" finished-at="2021-09-15T23:05:51 IST" duration-ms="771" status="PASS">
          <reporter-output>
          </reporter-output>
        </test-method> <!-- tearDown -->
      </class> <!-- com.crm.qa.testcases.DealsPageTest -->
      <class name="com.crm.qa.testcases.LoginPageTest">
        <test-method is-config="true" signature="setUp()[pri:0, instance:com.crm.qa.testcases.LoginPageTest@79da8dc5]" started-at="2021-09-15T23:07:06 IST" name="setUp" finished-at="2021-09-15T23:07:12 IST" duration-ms="5793" status="PASS">
          <reporter-output>
          </reporter-output>
        </test-method> <!-- setUp -->
        <test-method signature="validateLoginBtnDisplayedTest()[pri:0, instance:com.crm.qa.testcases.LoginPageTest@79da8dc5]" started-at="2021-09-15T23:07:12 IST" name="validateLoginBtnDisplayedTest" finished-at="2021-09-15T23:07:12 IST" duration-ms="42" status="PASS">
          <reporter-output>
          </reporter-output>
        </test-method> <!-- validateLoginBtnDisplayedTest -->
        <test-method is-config="true" signature="tearDown()[pri:0, instance:com.crm.qa.testcases.LoginPageTest@79da8dc5]" started-at="2021-09-15T23:07:12 IST" name="tearDown" finished-at="2021-09-15T23:07:13 IST" duration-ms="824" status="PASS">
          <reporter-output>
          </reporter-output>
        </test-method> <!-- tearDown -->
        <test-method is-config="true" signature="setUp()[pri:0, instance:com.crm.qa.testcases.LoginPageTest@79da8dc5]" started-at="2021-09-15T23:07:13 IST" name="setUp" finished-at="2021-09-15T23:07:19 IST" duration-ms="5698" status="PASS">
          <reporter-output>
          </reporter-output>
        </test-method> <!-- setUp -->
        <test-method signature="validateLoginBtnTest()[pri:0, instance:com.crm.qa.testcases.LoginPageTest@79da8dc5]" started-at="2021-09-15T23:07:19 IST" name="validateLoginBtnTest" finished-at="2021-09-15T23:07:19 IST" duration-ms="59" status="PASS">
          <reporter-output>
          </reporter-output>
        </test-method> <!-- validateLoginBtnTest -->
        <test-method is-config="true" signature="tearDown()[pri:0, instance:com.crm.qa.testcases.LoginPageTest@79da8dc5]" started-at="2021-09-15T23:07:19 IST" name="tearDown" finished-at="2021-09-15T23:07:20 IST" duration-ms="769" status="PASS">
          <reporter-output>
          </reporter-output>
        </test-method> <!-- tearDown -->
        <test-method is-config="true" signature="setUp()[pri:0, instance:com.crm.qa.testcases.LoginPageTest@79da8dc5]" started-at="2021-09-15T23:07:20 IST" name="setUp" finished-at="2021-09-15T23:07:25 IST" duration-ms="5746" status="PASS">
          <reporter-output>
          </reporter-output>
        </test-method> <!-- setUp -->
        <test-method signature="loginPageTitleTest()[pri:1, instance:com.crm.qa.testcases.LoginPageTest@79da8dc5]" started-at="2021-09-15T23:07:25 IST" name="loginPageTitleTest" finished-at="2021-09-15T23:07:25 IST" duration-ms="10" status="PASS">
          <reporter-output>
          </reporter-output>
        </test-method> <!-- loginPageTitleTest -->
        <test-method is-config="true" signature="tearDown()[pri:0, instance:com.crm.qa.testcases.LoginPageTest@79da8dc5]" started-at="2021-09-15T23:07:25 IST" name="tearDown" finished-at="2021-09-15T23:07:26 IST" duration-ms="811" status="PASS">
          <reporter-output>
          </reporter-output>
        </test-method> <!-- tearDown -->
        <test-method is-config="true" signature="setUp()[pri:0, instance:com.crm.qa.testcases.LoginPageTest@79da8dc5]" started-at="2021-09-15T23:07:26 IST" name="setUp" finished-at="2021-09-15T23:07:32 IST" duration-ms="5597" status="PASS">
          <reporter-output>
          </reporter-output>
        </test-method> <!-- setUp -->
        <test-method signature="loginTest()[pri:2, instance:com.crm.qa.testcases.LoginPageTest@79da8dc5]" started-at="2021-09-15T23:07:32 IST" name="loginTest" finished-at="2021-09-15T23:07:35 IST" duration-ms="3387" status="PASS">
          <reporter-output>
          </reporter-output>
        </test-method> <!-- loginTest -->
        <test-method is-config="true" signature="tearDown()[pri:0, instance:com.crm.qa.testcases.LoginPageTest@79da8dc5]" started-at="2021-09-15T23:07:35 IST" name="tearDown" finished-at="2021-09-15T23:07:36 IST" duration-ms="829" status="PASS">
          <reporter-output>
          </reporter-output>
        </test-method> <!-- tearDown -->
      </class> <!-- com.crm.qa.testcases.LoginPageTest -->
      <class name="com.crm.qa.testcases.TaskPageTest">
        <test-method is-config="true" signature="setUp()[pri:0, instance:com.crm.qa.testcases.TaskPageTest@72cde7cc]" started-at="2021-09-15T23:07:36 IST" name="setUp" finished-at="2021-09-15T23:07:46 IST" duration-ms="9931" status="PASS">
          <reporter-output>
          </reporter-output>
        </test-method> <!-- setUp -->
        <test-method signature="validateDealsPageTitleTest()[pri:0, instance:com.crm.qa.testcases.TaskPageTest@72cde7cc]" started-at="2021-09-15T23:07:46 IST" name="validateDealsPageTitleTest" finished-at="2021-09-15T23:07:49 IST" duration-ms="3030" status="PASS">
          <reporter-output>
          </reporter-output>
        </test-method> <!-- validateDealsPageTitleTest -->
        <test-method is-config="true" signature="tearDown()[pri:0, instance:com.crm.qa.testcases.TaskPageTest@72cde7cc]" started-at="2021-09-15T23:07:49 IST" name="tearDown" finished-at="2021-09-15T23:07:50 IST" duration-ms="712" status="PASS">
          <reporter-output>
          </reporter-output>
        </test-method> <!-- tearDown -->
      </class> <!-- com.crm.qa.testcases.TaskPageTest -->
      <class name="com.crm.qa.testcases.CompaniesPageTest">
        <test-method is-config="true" signature="setUp()[pri:0, instance:com.crm.qa.testcases.CompaniesPageTest@59af0466]" started-at="2021-09-15T23:05:12 IST" name="setUp" finished-at="2021-09-15T23:05:22 IST" duration-ms="9706" status="PASS">
          <reporter-output>
          </reporter-output>
        </test-method> <!-- setUp -->
        <test-method signature="validateCompaniesPageTitleTest()[pri:0, instance:com.crm.qa.testcases.CompaniesPageTest@59af0466]" started-at="2021-09-15T23:05:22 IST" name="validateCompaniesPageTitleTest" finished-at="2021-09-15T23:05:24 IST" duration-ms="2408" status="PASS">
          <reporter-output>
          </reporter-output>
        </test-method> <!-- validateCompaniesPageTitleTest -->
        <test-method is-config="true" signature="tearDown()[pri:0, instance:com.crm.qa.testcases.CompaniesPageTest@59af0466]" started-at="2021-09-15T23:05:24 IST" name="tearDown" finished-at="2021-09-15T23:05:25 IST" duration-ms="750" status="PASS">
          <reporter-output>
          </reporter-output>
        </test-method> <!-- tearDown -->
      </class> <!-- com.crm.qa.testcases.CompaniesPageTest -->
      <class name="com.crm.qa.testcases.CasesPageTest">
        <test-method is-config="true" signature="setUp()[pri:0, instance:com.crm.qa.testcases.CasesPageTest@3a6bb9bf]" started-at="2021-09-15T23:05:00 IST" name="setUp" finished-at="2021-09-15T23:05:09 IST" duration-ms="9170" status="PASS">
          <reporter-output>
          </reporter-output>
        </test-method> <!-- setUp -->
        <test-method signature="validateCasesPageTitleTest()[pri:0, instance:com.crm.qa.testcases.CasesPageTest@3a6bb9bf]" started-at="2021-09-15T23:05:09 IST" name="validateCasesPageTitleTest" finished-at="2021-09-15T23:05:11 IST" duration-ms="2332" status="PASS">
          <reporter-output>
          </reporter-output>
        </test-method> <!-- validateCasesPageTitleTest -->
        <test-method is-config="true" signature="tearDown()[pri:0, instance:com.crm.qa.testcases.CasesPageTest@3a6bb9bf]" started-at="2021-09-15T23:05:11 IST" name="tearDown" finished-at="2021-09-15T23:05:12 IST" duration-ms="892" status="PASS">
          <reporter-output>
          </reporter-output>
        </test-method> <!-- tearDown -->
      </class> <!-- com.crm.qa.testcases.CasesPageTest -->
      <class name="com.crm.qa.testcases.CalenderPageTest">
        <test-method is-config="true" signature="setUp()[pri:0, instance:com.crm.qa.testcases.CalenderPageTest@1329eff]" started-at="2021-09-15T23:04:45 IST" name="setUp" finished-at="2021-09-15T23:04:59 IST" duration-ms="14059" status="PASS">
          <reporter-output>
          </reporter-output>
        </test-method> <!-- setUp -->
        <test-method signature="validateCalenderTest()[pri:0, instance:com.crm.qa.testcases.CalenderPageTest@1329eff]" started-at="2021-09-15T23:04:59 IST" name="validateCalenderTest" finished-at="2021-09-15T23:04:59 IST" duration-ms="183" status="PASS">
          <reporter-output>
          </reporter-output>
        </test-method> <!-- validateCalenderTest -->
        <test-method is-config="true" signature="tearDown()[pri:0, instance:com.crm.qa.testcases.CalenderPageTest@1329eff]" started-at="2021-09-15T23:04:59 IST" name="tearDown" finished-at="2021-09-15T23:05:00 IST" duration-ms="784" status="PASS">
          <reporter-output>
          </reporter-output>
        </test-method> <!-- tearDown -->
      </class> <!-- com.crm.qa.testcases.CalenderPageTest -->
    </test> <!-- Command line test -->
  </suite> <!-- Command line suite -->
</testng-results>
