<?xml version="1.0" encoding="UTF-8"?>
<testng-results ignored="0" total="4" passed="4" failed="0" skipped="0">
  <reporter-output>
  </reporter-output>
  <suite started-at="2021-09-14T23:22:50 IST" name="Default suite" finished-at="2021-09-14T23:23:31 IST" duration-ms="41146">
    <groups>
    </groups>
    <test started-at="2021-09-14T23:22:50 IST" name="Default test" finished-at="2021-09-14T23:23:31 IST" duration-ms="41146">
      <class name="com.crm.qa.testcases.LoginPageTest">
        <test-method is-config="true" signature="setUp()[pri:0, instance:com.crm.qa.testcases.LoginPageTest@7161d8d1]" started-at="2021-09-14T23:22:50 IST" name="setUp" finished-at="2021-09-14T23:22:57 IST" duration-ms="7434" status="PASS">
          <reporter-output>
          </reporter-output>
        </test-method> <!-- setUp -->
        <test-method signature="validateLoginBtnDisplayedTest()[pri:0, instance:com.crm.qa.testcases.LoginPageTest@7161d8d1]" started-at="2021-09-14T23:22:57 IST" name="validateLoginBtnDisplayedTest" finished-at="2021-09-14T23:22:59 IST" duration-ms="1927" status="PASS">
          <reporter-output>
          </reporter-output>
        </test-method> <!-- validateLoginBtnDisplayedTest -->
        <test-method is-config="true" signature="tearDown()[pri:0, instance:com.crm.qa.testcases.LoginPageTest@7161d8d1]" started-at="2021-09-14T23:22:59 IST" name="tearDown" finished-at="2021-09-14T23:23:00 IST" duration-ms="862" status="PASS">
          <reporter-output>
          </reporter-output>
        </test-method> <!-- tearDown -->
        <test-method is-config="true" signature="setUp()[pri:0, instance:com.crm.qa.testcases.LoginPageTest@7161d8d1]" started-at="2021-09-14T23:23:00 IST" name="setUp" finished-at="2021-09-14T23:23:07 IST" duration-ms="6784" status="PASS">
          <reporter-output>
          </reporter-output>
        </test-method> <!-- setUp -->
        <test-method signature="validateLoginBtnTest()[pri:0, instance:com.crm.qa.testcases.LoginPageTest@7161d8d1]" started-at="2021-09-14T23:23:07 IST" name="validateLoginBtnTest" finished-at="2021-09-14T23:23:08 IST" duration-ms="1290" status="PASS">
          <reporter-output>
          </reporter-output>
        </test-method> <!-- validateLoginBtnTest -->
        <test-method is-config="true" signature="tearDown()[pri:0, instance:com.crm.qa.testcases.LoginPageTest@7161d8d1]" started-at="2021-09-14T23:23:08 IST" name="tearDown" finished-at="2021-09-14T23:23:09 IST" duration-ms="866" status="PASS">
          <reporter-output>
          </reporter-output>
        </test-method> <!-- tearDown -->
        <test-method is-config="true" signature="setUp()[pri:0, instance:com.crm.qa.testcases.LoginPageTest@7161d8d1]" started-at="2021-09-14T23:23:09 IST" name="setUp" finished-at="2021-09-14T23:23:16 IST" duration-ms="6844" status="PASS">
          <reporter-output>
          </reporter-output>
        </test-method> <!-- setUp -->
        <test-method signature="loginPageTitleTest()[pri:1, instance:com.crm.qa.testcases.LoginPageTest@7161d8d1]" started-at="2021-09-14T23:23:16 IST" name="loginPageTitleTest" finished-at="2021-09-14T23:23:16 IST" duration-ms="22" status="PASS">
          <reporter-output>
          </reporter-output>
        </test-method> <!-- loginPageTitleTest -->
        <test-method is-config="true" signature="tearDown()[pri:0, instance:com.crm.qa.testcases.LoginPageTest@7161d8d1]" started-at="2021-09-14T23:23:16 IST" name="tearDown" finished-at="2021-09-14T23:23:16 IST" duration-ms="872" status="PASS">
          <reporter-output>
          </reporter-output>
        </test-method> <!-- tearDown -->
        <test-method is-config="true" signature="setUp()[pri:0, instance:com.crm.qa.testcases.LoginPageTest@7161d8d1]" started-at="2021-09-14T23:23:16 IST" name="setUp" finished-at="2021-09-14T23:23:23 IST" duration-ms="6775" status="PASS">
          <reporter-output>
          </reporter-output>
        </test-method> <!-- setUp -->
        <test-method signature="loginTest()[pri:2, instance:com.crm.qa.testcases.LoginPageTest@7161d8d1]" started-at="2021-09-14T23:23:23 IST" name="loginTest" finished-at="2021-09-14T23:23:30 IST" duration-ms="6574" status="PASS">
          <reporter-output>
          </reporter-output>
        </test-method> <!-- loginTest -->
        <test-method is-config="true" signature="tearDown()[pri:0, instance:com.crm.qa.testcases.LoginPageTest@7161d8d1]" started-at="2021-09-14T23:23:30 IST" name="tearDown" finished-at="2021-09-14T23:23:31 IST" duration-ms="829" status="PASS">
          <reporter-output>
          </reporter-output>
        </test-method> <!-- tearDown -->
      </class> <!-- com.crm.qa.testcases.LoginPageTest -->
    </test> <!-- Default test -->
  </suite> <!-- Default suite -->
</testng-results>
